<html>
<head>
<title>TestNG:  Regression</title>
<link href="../testng.css" rel="stylesheet" type="text/css" />
<link href="../my-testng.css" rel="stylesheet" type="text/css" />

<style type="text/css">
.log { display: none;} 
.stack-trace { display: none;} 
</style>
<script type="text/javascript">
<!--
function flip(e) {
  current = e.style.display;
  if (current == 'block') {
    e.style.display = 'none';
    return 0;
  }
  else {
    e.style.display = 'block';
    return 1;
  }
}

function toggleBox(szDivId, elem, msg1, msg2)
{
  var res = -1;  if (document.getElementById) {
    res = flip(document.getElementById(szDivId));
  }
  else if (document.all) {
    // this is the way old msie versions work
    res = flip(document.all[szDivId]);
  }
  if(elem) {
    if(res == 0) elem.innerHTML = msg1; else elem.innerHTML = msg2;
  }

}

function toggleAllBoxes() {
  if (document.getElementsByTagName) {
    d = document.getElementsByTagName('div');
    for (i = 0; i < d.length; i++) {
      if (d[i].className == 'log') {
        flip(d[i]);
      }
    }
  }
}

// -->
</script>

</head>
<body>
<h2 align='center'>Regression</h2><table border='1' align="center">
<tr>
<td>Tests passed/Failed/Skipped:</td><td>50/9/0</td>
</tr><tr>
<td>Started on:</td><td>Sun Sep 10 22:56:33 IST 2023</td>
</tr>
<tr><td>Total time:</td><td>284 seconds (284761 ms)</td>
</tr><tr>
<td>Included groups:</td><td></td>
</tr><tr>
<td>Excluded groups:</td><td></td>
</tr>
</table><p/>
<small><i>(Hover the method name to see the test class name)</i></small><p/>
<table width='100%' border='1' class='invocation-failed'>
<tr><td colspan='4' align='center'><b>FAILED TESTS</b></td></tr>
<tr><td><b>Test method</b></td>
<td><b>Attribute(s)</b></td>
<td width="30%"><b>Exception</b></td>
<td width="10%"><b>Time (seconds)</b></td>
<td><b>Instance</b></td>
</tr>
<tr>
<td title='test.CheckoutPageTest.verifyFirstNameFieldByEnteringAlphaCharactersAndNumbers()'><b>verifyFirstNameFieldByEnteringAlphaCharactersAndNumbers</b><br>Test class: test.CheckoutPageTest</td>
<td><div><pre>java.lang.AssertionError: The following asserts failed:
	expected [Error: First Name is required only character] but found [Error: Last Name is required]
	at test.CheckoutPageTest.verifyFirstNameFieldByEnteringAlphaCharactersAndNumbers(CheckoutPageTest.java:108)
	at java.base/java.util.ArrayList.forEach(ArrayList.java:1511)
... Removed 29 stack frames</pre></div><a href='#' onClick='toggleBox("stack-trace791773777", this, "Click to show all stack frames", "Click to hide stack frames")'>Click to show all stack frames</a>
<div class='stack-trace' id='stack-trace791773777'><pre>java.lang.AssertionError: The following asserts failed:
	expected [Error: First Name is required only character] but found [Error: Last Name is required]
	at org.testng.asserts.SoftAssert.assertAll(SoftAssert.java:46)
	at org.testng.asserts.SoftAssert.assertAll(SoftAssert.java:30)
	at test.CheckoutPageTest.verifyFirstNameFieldByEnteringAlphaCharactersAndNumbers(CheckoutPageTest.java:108)
	at java.base/jdk.internal.reflect.NativeMethodAccessorImpl.invoke0(Native Method)
	at java.base/jdk.internal.reflect.NativeMethodAccessorImpl.invoke(NativeMethodAccessorImpl.java:77)
	at java.base/jdk.internal.reflect.DelegatingMethodAccessorImpl.invoke(DelegatingMethodAccessorImpl.java:43)
	at java.base/java.lang.reflect.Method.invoke(Method.java:568)
	at org.testng.internal.invokers.MethodInvocationHelper.invokeMethod(MethodInvocationHelper.java:139)
	at org.testng.internal.invokers.TestInvoker.invokeMethod(TestInvoker.java:664)
	at org.testng.internal.invokers.TestInvoker.invokeTestMethod(TestInvoker.java:227)
	at org.testng.internal.invokers.MethodRunner.runInSequence(MethodRunner.java:50)
	at org.testng.internal.invokers.TestInvoker$MethodInvocationAgent.invoke(TestInvoker.java:957)
	at org.testng.internal.invokers.TestInvoker.invokeTestMethods(TestInvoker.java:200)
	at org.testng.internal.invokers.TestMethodWorker.invokeTestMethods(TestMethodWorker.java:148)
	at org.testng.internal.invokers.TestMethodWorker.run(TestMethodWorker.java:128)
	at java.base/java.util.ArrayList.forEach(ArrayList.java:1511)
	at org.testng.TestRunner.privateRun(TestRunner.java:848)
	at org.testng.TestRunner.run(TestRunner.java:621)
	at org.testng.SuiteRunner.runTest(SuiteRunner.java:443)
	at org.testng.SuiteRunner.runSequentially(SuiteRunner.java:437)
	at org.testng.SuiteRunner.privateRun(SuiteRunner.java:397)
	at org.testng.SuiteRunner.run(SuiteRunner.java:336)
	at org.testng.SuiteRunnerWorker.runSuite(SuiteRunnerWorker.java:52)
	at org.testng.SuiteRunnerWorker.run(SuiteRunnerWorker.java:95)
	at org.testng.TestNG.runSuitesSequentially(TestNG.java:1280)
	at org.testng.TestNG.runSuitesLocally(TestNG.java:1200)
	at org.testng.TestNG.runSuites(TestNG.java:1114)
	at org.testng.TestNG.run(TestNG.java:1082)
	at org.testng.remote.AbstractRemoteTestNG.run(AbstractRemoteTestNG.java:115)
	at org.testng.remote.RemoteTestNG.initAndRun(RemoteTestNG.java:251)
	at org.testng.remote.RemoteTestNG.main(RemoteTestNG.java:77)
</pre></div></td>
<td>1</td>
<td>test.CheckoutPageTest@70325e14</td></tr>
<tr>
<td title='test.CheckoutPageTest.verifyZipCodeFieldByEnteringInvalidNumber()'><b>verifyZipCodeFieldByEnteringInvalidNumber</b><br>Test class: test.CheckoutPageTest</td>
<td><div><pre>org.openqa.selenium.NoSuchElementException: no such element: Unable to locate element: {&quot;method&quot;:&quot;xpath&quot;,&quot;selector&quot;:&quot;//h3[@data-test=&apos;error&apos;]&quot;}
  (Session info: chrome=116.0.5845.180)
For documentation on this error, please visit: https://www.selenium.dev/documentation/webdriver/troubleshooting/errors#no-such-element-exception
Build info: version: &apos;4.10.0&apos;, revision: &apos;c14d967899&apos;
System info: os.name: &apos;Windows 10&apos;, os.arch: &apos;amd64&apos;, os.version: &apos;10.0&apos;, java.version: &apos;17.0.6&apos;
Driver info: org.openqa.selenium.chrome.ChromeDriver
Command: [3c975483c367ced4dfcfd230c87333a0, findElement {using=xpath, value=//h3[@data-test=&apos;error&apos;]}]
Capabilities {acceptInsecureCerts: false, browserName: chrome, browserVersion: 116.0.5845.180, chrome: {chromedriverVersion: 116.0.5845.96 (1a3918166880..., userDataDir: C:\Users\AMOL\AppData\Local...}, fedcm:accounts: true, goog:chromeOptions: {debuggerAddress: localhost:55980}, networkConnectionEnabled: false, pageLoadStrategy: normal, platformName: windows, proxy: Proxy(), se:cdp: ws://localhost:55980/devtoo..., se:cdpVersion: 116.0.5845.180, setWindowRect: true, strictFileInteractability: false, timeouts: {implicit: 0, pageLoad: 300000, script: 30000}, unhandledPromptBehavior: dismiss and notify, webauthn:extension:credBlob: true, webauthn:extension:largeBlob: true, webauthn:extension:minPinLength: true, webauthn:extension:prf: true, webauthn:virtualAuthenticators: true}
Session ID: 3c975483c367ced4dfcfd230c87333a0
	at org.openqa.selenium.remote.codec.w3c.W3CHttpResponseCodec.createException(W3CHttpResponseCodec.java:199)
	at org.openqa.selenium.remote.codec.w3c.W3CHttpResponseCodec.decode(W3CHttpResponseCodec.java:132)
	at org.openqa.selenium.remote.codec.w3c.W3CHttpResponseCodec.decode(W3CHttpResponseCodec.java:51)
	at org.openqa.selenium.remote.HttpCommandExecutor.execute(HttpCommandExecutor.java:191)
	at org.openqa.selenium.remote.service.DriverCommandExecutor.invokeExecute(DriverCommandExecutor.java:196)
	at org.openqa.selenium.remote.service.DriverCommandExecutor.execute(DriverCommandExecutor.java:171)
	at org.openqa.selenium.remote.RemoteWebDriver.execute(RemoteWebDriver.java:531)
	at org.openqa.selenium.remote.ElementLocation$ElementFinder$2.findElement(ElementLocation.java:165)
	at org.openqa.selenium.remote.ElementLocation.findElement(ElementLocation.java:59)
	at org.openqa.selenium.remote.RemoteWebDriver.findElement(RemoteWebDriver.java:350)
	at org.openqa.selenium.remote.RemoteWebDriver.findElement(RemoteWebDriver.java:344)
	at org.openqa.selenium.support.pagefactory.DefaultElementLocator.findElement(DefaultElementLocator.java:68)
	at org.openqa.selenium.support.pagefactory.internal.LocatingElementHandler.invoke(LocatingElementHandler.java:38)
	at jdk.proxy2/jdk.proxy2.$Proxy20.getText(Unknown Source)
	at pom.CheckoutPage.displayingErrorMessage(CheckoutPage.java:37)
	at test.CheckoutPageTest.verifyZipCodeFieldByEnteringInvalidNumber(CheckoutPageTest.java:233)
	at java.base/java.util.ArrayList.forEach(ArrayList.java:1511)
... Removed 32 stack frames</pre></div><a href='#' onClick='toggleBox("stack-trace584593384", this, "Click to show all stack frames", "Click to hide stack frames")'>Click to show all stack frames</a>
<div class='stack-trace' id='stack-trace584593384'><pre>org.openqa.selenium.NoSuchElementException: no such element: Unable to locate element: {&quot;method&quot;:&quot;xpath&quot;,&quot;selector&quot;:&quot;//h3[@data-test=&apos;error&apos;]&quot;}
  (Session info: chrome=116.0.5845.180)
For documentation on this error, please visit: https://www.selenium.dev/documentation/webdriver/troubleshooting/errors#no-such-element-exception
Build info: version: &apos;4.10.0&apos;, revision: &apos;c14d967899&apos;
System info: os.name: &apos;Windows 10&apos;, os.arch: &apos;amd64&apos;, os.version: &apos;10.0&apos;, java.version: &apos;17.0.6&apos;
Driver info: org.openqa.selenium.chrome.ChromeDriver
Command: [3c975483c367ced4dfcfd230c87333a0, findElement {using=xpath, value=//h3[@data-test=&apos;error&apos;]}]
Capabilities {acceptInsecureCerts: false, browserName: chrome, browserVersion: 116.0.5845.180, chrome: {chromedriverVersion: 116.0.5845.96 (1a3918166880..., userDataDir: C:\Users\AMOL\AppData\Local...}, fedcm:accounts: true, goog:chromeOptions: {debuggerAddress: localhost:55980}, networkConnectionEnabled: false, pageLoadStrategy: normal, platformName: windows, proxy: Proxy(), se:cdp: ws://localhost:55980/devtoo..., se:cdpVersion: 116.0.5845.180, setWindowRect: true, strictFileInteractability: false, timeouts: {implicit: 0, pageLoad: 300000, script: 30000}, unhandledPromptBehavior: dismiss and notify, webauthn:extension:credBlob: true, webauthn:extension:largeBlob: true, webauthn:extension:minPinLength: true, webauthn:extension:prf: true, webauthn:virtualAuthenticators: true}
Session ID: 3c975483c367ced4dfcfd230c87333a0
	at java.base/jdk.internal.reflect.NativeConstructorAccessorImpl.newInstance0(Native Method)
	at java.base/jdk.internal.reflect.NativeConstructorAccessorImpl.newInstance(NativeConstructorAccessorImpl.java:77)
	at java.base/jdk.internal.reflect.DelegatingConstructorAccessorImpl.newInstance(DelegatingConstructorAccessorImpl.java:45)
	at java.base/java.lang.reflect.Constructor.newInstanceWithCaller(Constructor.java:499)
	at java.base/java.lang.reflect.Constructor.newInstance(Constructor.java:480)
	at org.openqa.selenium.remote.codec.w3c.W3CHttpResponseCodec.createException(W3CHttpResponseCodec.java:199)
	at org.openqa.selenium.remote.codec.w3c.W3CHttpResponseCodec.decode(W3CHttpResponseCodec.java:132)
	at org.openqa.selenium.remote.codec.w3c.W3CHttpResponseCodec.decode(W3CHttpResponseCodec.java:51)
	at org.openqa.selenium.remote.HttpCommandExecutor.execute(HttpCommandExecutor.java:191)
	at org.openqa.selenium.remote.service.DriverCommandExecutor.invokeExecute(DriverCommandExecutor.java:196)
	at org.openqa.selenium.remote.service.DriverCommandExecutor.execute(DriverCommandExecutor.java:171)
	at org.openqa.selenium.remote.RemoteWebDriver.execute(RemoteWebDriver.java:531)
	at org.openqa.selenium.remote.ElementLocation$ElementFinder$2.findElement(ElementLocation.java:165)
	at org.openqa.selenium.remote.ElementLocation.findElement(ElementLocation.java:59)
	at org.openqa.selenium.remote.RemoteWebDriver.findElement(RemoteWebDriver.java:350)
	at org.openqa.selenium.remote.RemoteWebDriver.findElement(RemoteWebDriver.java:344)
	at org.openqa.selenium.support.pagefactory.DefaultElementLocator.findElement(DefaultElementLocator.java:68)
	at org.openqa.selenium.support.pagefactory.internal.LocatingElementHandler.invoke(LocatingElementHandler.java:38)
	at jdk.proxy2/jdk.proxy2.$Proxy20.getText(Unknown Source)
	at pom.CheckoutPage.displayingErrorMessage(CheckoutPage.java:37)
	at test.CheckoutPageTest.verifyZipCodeFieldByEnteringInvalidNumber(CheckoutPageTest.java:233)
	at java.base/jdk.internal.reflect.NativeMethodAccessorImpl.invoke0(Native Method)
	at java.base/jdk.internal.reflect.NativeMethodAccessorImpl.invoke(NativeMethodAccessorImpl.java:77)
	at java.base/jdk.internal.reflect.DelegatingMethodAccessorImpl.invoke(DelegatingMethodAccessorImpl.java:43)
	at java.base/java.lang.reflect.Method.invoke(Method.java:568)
	at org.testng.internal.invokers.MethodInvocationHelper.invokeMethod(MethodInvocationHelper.java:139)
	at org.testng.internal.invokers.TestInvoker.invokeMethod(TestInvoker.java:664)
	at org.testng.internal.invokers.TestInvoker.invokeTestMethod(TestInvoker.java:227)
	at org.testng.internal.invokers.MethodRunner.runInSequence(MethodRunner.java:50)
	at org.testng.internal.invokers.TestInvoker$MethodInvocationAgent.invoke(TestInvoker.java:957)
	at org.testng.internal.invokers.TestInvoker.invokeTestMethods(TestInvoker.java:200)
	at org.testng.internal.invokers.TestMethodWorker.invokeTestMethods(TestMethodWorker.java:148)
	at org.testng.internal.invokers.TestMethodWorker.run(TestMethodWorker.java:128)
	at java.base/java.util.ArrayList.forEach(ArrayList.java:1511)
	at org.testng.TestRunner.privateRun(TestRunner.java:848)
	at org.testng.TestRunner.run(TestRunner.java:621)
	at org.testng.SuiteRunner.runTest(SuiteRunner.java:443)
	at org.testng.SuiteRunner.runSequentially(SuiteRunner.java:437)
	at org.testng.SuiteRunner.privateRun(SuiteRunner.java:397)
	at org.testng.SuiteRunner.run(SuiteRunner.java:336)
	at org.testng.SuiteRunnerWorker.runSuite(SuiteRunnerWorker.java:52)
	at org.testng.SuiteRunnerWorker.run(SuiteRunnerWorker.java:95)
	at org.testng.TestNG.runSuitesSequentially(TestNG.java:1280)
	at org.testng.TestNG.runSuitesLocally(TestNG.java:1200)
	at org.testng.TestNG.runSuites(TestNG.java:1114)
	at org.testng.TestNG.run(TestNG.java:1082)
	at org.testng.remote.AbstractRemoteTestNG.run(AbstractRemoteTestNG.java:115)
	at org.testng.remote.RemoteTestNG.initAndRun(RemoteTestNG.java:251)
	at org.testng.remote.RemoteTestNG.main(RemoteTestNG.java:77)
</pre></div></td>
<td>6</td>
<td>test.CheckoutPageTest@70325e14</td></tr>
<tr>
<td title='test.CheckoutPageTest.verifyZipCodeFieldByEnteringCharacter()'><b>verifyZipCodeFieldByEnteringCharacter</b><br>Test class: test.CheckoutPageTest</td>
<td><div><pre>org.openqa.selenium.NoSuchElementException: no such element: Unable to locate element: {&quot;method&quot;:&quot;xpath&quot;,&quot;selector&quot;:&quot;//h3[@data-test=&apos;error&apos;]&quot;}
  (Session info: chrome=116.0.5845.180)
For documentation on this error, please visit: https://www.selenium.dev/documentation/webdriver/troubleshooting/errors#no-such-element-exception
Build info: version: &apos;4.10.0&apos;, revision: &apos;c14d967899&apos;
System info: os.name: &apos;Windows 10&apos;, os.arch: &apos;amd64&apos;, os.version: &apos;10.0&apos;, java.version: &apos;17.0.6&apos;
Driver info: org.openqa.selenium.chrome.ChromeDriver
Command: [90af988209d94ddd271d95bab8c44864, findElement {using=xpath, value=//h3[@data-test=&apos;error&apos;]}]
Capabilities {acceptInsecureCerts: false, browserName: chrome, browserVersion: 116.0.5845.180, chrome: {chromedriverVersion: 116.0.5845.96 (1a3918166880..., userDataDir: C:\Users\AMOL\AppData\Local...}, fedcm:accounts: true, goog:chromeOptions: {debuggerAddress: localhost:56000}, networkConnectionEnabled: false, pageLoadStrategy: normal, platformName: windows, proxy: Proxy(), se:cdp: ws://localhost:56000/devtoo..., se:cdpVersion: 116.0.5845.180, setWindowRect: true, strictFileInteractability: false, timeouts: {implicit: 0, pageLoad: 300000, script: 30000}, unhandledPromptBehavior: dismiss and notify, webauthn:extension:credBlob: true, webauthn:extension:largeBlob: true, webauthn:extension:minPinLength: true, webauthn:extension:prf: true, webauthn:virtualAuthenticators: true}
Session ID: 90af988209d94ddd271d95bab8c44864
	at org.openqa.selenium.remote.codec.w3c.W3CHttpResponseCodec.createException(W3CHttpResponseCodec.java:199)
	at org.openqa.selenium.remote.codec.w3c.W3CHttpResponseCodec.decode(W3CHttpResponseCodec.java:132)
	at org.openqa.selenium.remote.codec.w3c.W3CHttpResponseCodec.decode(W3CHttpResponseCodec.java:51)
	at org.openqa.selenium.remote.HttpCommandExecutor.execute(HttpCommandExecutor.java:191)
	at org.openqa.selenium.remote.service.DriverCommandExecutor.invokeExecute(DriverCommandExecutor.java:196)
	at org.openqa.selenium.remote.service.DriverCommandExecutor.execute(DriverCommandExecutor.java:171)
	at org.openqa.selenium.remote.RemoteWebDriver.execute(RemoteWebDriver.java:531)
	at org.openqa.selenium.remote.ElementLocation$ElementFinder$2.findElement(ElementLocation.java:165)
	at org.openqa.selenium.remote.ElementLocation.findElement(ElementLocation.java:59)
	at org.openqa.selenium.remote.RemoteWebDriver.findElement(RemoteWebDriver.java:350)
	at org.openqa.selenium.remote.RemoteWebDriver.findElement(RemoteWebDriver.java:344)
	at org.openqa.selenium.support.pagefactory.DefaultElementLocator.findElement(DefaultElementLocator.java:68)
	at org.openqa.selenium.support.pagefactory.internal.LocatingElementHandler.invoke(LocatingElementHandler.java:38)
	at jdk.proxy2/jdk.proxy2.$Proxy20.getText(Unknown Source)
	at pom.CheckoutPage.displayingErrorMessage(CheckoutPage.java:37)
	at test.CheckoutPageTest.verifyZipCodeFieldByEnteringCharacter(CheckoutPageTest.java:254)
	at java.base/java.util.ArrayList.forEach(ArrayList.java:1511)
... Removed 32 stack frames</pre></div><a href='#' onClick='toggleBox("stack-trace616535532", this, "Click to show all stack frames", "Click to hide stack frames")'>Click to show all stack frames</a>
<div class='stack-trace' id='stack-trace616535532'><pre>org.openqa.selenium.NoSuchElementException: no such element: Unable to locate element: {&quot;method&quot;:&quot;xpath&quot;,&quot;selector&quot;:&quot;//h3[@data-test=&apos;error&apos;]&quot;}
  (Session info: chrome=116.0.5845.180)
For documentation on this error, please visit: https://www.selenium.dev/documentation/webdriver/troubleshooting/errors#no-such-element-exception
Build info: version: &apos;4.10.0&apos;, revision: &apos;c14d967899&apos;
System info: os.name: &apos;Windows 10&apos;, os.arch: &apos;amd64&apos;, os.version: &apos;10.0&apos;, java.version: &apos;17.0.6&apos;
Driver info: org.openqa.selenium.chrome.ChromeDriver
Command: [90af988209d94ddd271d95bab8c44864, findElement {using=xpath, value=//h3[@data-test=&apos;error&apos;]}]
Capabilities {acceptInsecureCerts: false, browserName: chrome, browserVersion: 116.0.5845.180, chrome: {chromedriverVersion: 116.0.5845.96 (1a3918166880..., userDataDir: C:\Users\AMOL\AppData\Local...}, fedcm:accounts: true, goog:chromeOptions: {debuggerAddress: localhost:56000}, networkConnectionEnabled: false, pageLoadStrategy: normal, platformName: windows, proxy: Proxy(), se:cdp: ws://localhost:56000/devtoo..., se:cdpVersion: 116.0.5845.180, setWindowRect: true, strictFileInteractability: false, timeouts: {implicit: 0, pageLoad: 300000, script: 30000}, unhandledPromptBehavior: dismiss and notify, webauthn:extension:credBlob: true, webauthn:extension:largeBlob: true, webauthn:extension:minPinLength: true, webauthn:extension:prf: true, webauthn:virtualAuthenticators: true}
Session ID: 90af988209d94ddd271d95bab8c44864
	at java.base/jdk.internal.reflect.NativeConstructorAccessorImpl.newInstance0(Native Method)
	at java.base/jdk.internal.reflect.NativeConstructorAccessorImpl.newInstance(NativeConstructorAccessorImpl.java:77)
	at java.base/jdk.internal.reflect.DelegatingConstructorAccessorImpl.newInstance(DelegatingConstructorAccessorImpl.java:45)
	at java.base/java.lang.reflect.Constructor.newInstanceWithCaller(Constructor.java:499)
	at java.base/java.lang.reflect.Constructor.newInstance(Constructor.java:480)
	at org.openqa.selenium.remote.codec.w3c.W3CHttpResponseCodec.createException(W3CHttpResponseCodec.java:199)
	at org.openqa.selenium.remote.codec.w3c.W3CHttpResponseCodec.decode(W3CHttpResponseCodec.java:132)
	at org.openqa.selenium.remote.codec.w3c.W3CHttpResponseCodec.decode(W3CHttpResponseCodec.java:51)
	at org.openqa.selenium.remote.HttpCommandExecutor.execute(HttpCommandExecutor.java:191)
	at org.openqa.selenium.remote.service.DriverCommandExecutor.invokeExecute(DriverCommandExecutor.java:196)
	at org.openqa.selenium.remote.service.DriverCommandExecutor.execute(DriverCommandExecutor.java:171)
	at org.openqa.selenium.remote.RemoteWebDriver.execute(RemoteWebDriver.java:531)
	at org.openqa.selenium.remote.ElementLocation$ElementFinder$2.findElement(ElementLocation.java:165)
	at org.openqa.selenium.remote.ElementLocation.findElement(ElementLocation.java:59)
	at org.openqa.selenium.remote.RemoteWebDriver.findElement(RemoteWebDriver.java:350)
	at org.openqa.selenium.remote.RemoteWebDriver.findElement(RemoteWebDriver.java:344)
	at org.openqa.selenium.support.pagefactory.DefaultElementLocator.findElement(DefaultElementLocator.java:68)
	at org.openqa.selenium.support.pagefactory.internal.LocatingElementHandler.invoke(LocatingElementHandler.java:38)
	at jdk.proxy2/jdk.proxy2.$Proxy20.getText(Unknown Source)
	at pom.CheckoutPage.displayingErrorMessage(CheckoutPage.java:37)
	at test.CheckoutPageTest.verifyZipCodeFieldByEnteringCharacter(CheckoutPageTest.java:254)
	at java.base/jdk.internal.reflect.NativeMethodAccessorImpl.invoke0(Native Method)
	at java.base/jdk.internal.reflect.NativeMethodAccessorImpl.invoke(NativeMethodAccessorImpl.java:77)
	at java.base/jdk.internal.reflect.DelegatingMethodAccessorImpl.invoke(DelegatingMethodAccessorImpl.java:43)
	at java.base/java.lang.reflect.Method.invoke(Method.java:568)
	at org.testng.internal.invokers.MethodInvocationHelper.invokeMethod(MethodInvocationHelper.java:139)
	at org.testng.internal.invokers.TestInvoker.invokeMethod(TestInvoker.java:664)
	at org.testng.internal.invokers.TestInvoker.invokeTestMethod(TestInvoker.java:227)
	at org.testng.internal.invokers.MethodRunner.runInSequence(MethodRunner.java:50)
	at org.testng.internal.invokers.TestInvoker$MethodInvocationAgent.invoke(TestInvoker.java:957)
	at org.testng.internal.invokers.TestInvoker.invokeTestMethods(TestInvoker.java:200)
	at org.testng.internal.invokers.TestMethodWorker.invokeTestMethods(TestMethodWorker.java:148)
	at org.testng.internal.invokers.TestMethodWorker.run(TestMethodWorker.java:128)
	at java.base/java.util.ArrayList.forEach(ArrayList.java:1511)
	at org.testng.TestRunner.privateRun(TestRunner.java:848)
	at org.testng.TestRunner.run(TestRunner.java:621)
	at org.testng.SuiteRunner.runTest(SuiteRunner.java:443)
	at org.testng.SuiteRunner.runSequentially(SuiteRunner.java:437)
	at org.testng.SuiteRunner.privateRun(SuiteRunner.java:397)
	at org.testng.SuiteRunner.run(SuiteRunner.java:336)
	at org.testng.SuiteRunnerWorker.runSuite(SuiteRunnerWorker.java:52)
	at org.testng.SuiteRunnerWorker.run(SuiteRunnerWorker.java:95)
	at org.testng.TestNG.runSuitesSequentially(TestNG.java:1280)
	at org.testng.TestNG.runSuitesLocally(TestNG.java:1200)
	at org.testng.TestNG.runSuites(TestNG.java:1114)
	at org.testng.TestNG.run(TestNG.java:1082)
	at org.testng.remote.AbstractRemoteTestNG.run(AbstractRemoteTestNG.java:115)
	at org.testng.remote.RemoteTestNG.initAndRun(RemoteTestNG.java:251)
	at org.testng.remote.RemoteTestNG.main(RemoteTestNG.java:77)
</pre></div></td>
<td>6</td>
<td>test.CheckoutPageTest@70325e14</td></tr>
<tr>
<td title='test.CheckoutPageTest.verifyZipCodeFieldByEnteringSpecialCharacter()'><b>verifyZipCodeFieldByEnteringSpecialCharacter</b><br>Test class: test.CheckoutPageTest</td>
<td><div><pre>org.openqa.selenium.NoSuchElementException: no such element: Unable to locate element: {&quot;method&quot;:&quot;xpath&quot;,&quot;selector&quot;:&quot;//h3[@data-test=&apos;error&apos;]&quot;}
  (Session info: chrome=116.0.5845.180)
For documentation on this error, please visit: https://www.selenium.dev/documentation/webdriver/troubleshooting/errors#no-such-element-exception
Build info: version: &apos;4.10.0&apos;, revision: &apos;c14d967899&apos;
System info: os.name: &apos;Windows 10&apos;, os.arch: &apos;amd64&apos;, os.version: &apos;10.0&apos;, java.version: &apos;17.0.6&apos;
Driver info: org.openqa.selenium.chrome.ChromeDriver
Command: [cf23845d668a24942840f9789205ca97, findElement {using=xpath, value=//h3[@data-test=&apos;error&apos;]}]
Capabilities {acceptInsecureCerts: false, browserName: chrome, browserVersion: 116.0.5845.180, chrome: {chromedriverVersion: 116.0.5845.96 (1a3918166880..., userDataDir: C:\Users\AMOL\AppData\Local...}, fedcm:accounts: true, goog:chromeOptions: {debuggerAddress: localhost:56019}, networkConnectionEnabled: false, pageLoadStrategy: normal, platformName: windows, proxy: Proxy(), se:cdp: ws://localhost:56019/devtoo..., se:cdpVersion: 116.0.5845.180, setWindowRect: true, strictFileInteractability: false, timeouts: {implicit: 0, pageLoad: 300000, script: 30000}, unhandledPromptBehavior: dismiss and notify, webauthn:extension:credBlob: true, webauthn:extension:largeBlob: true, webauthn:extension:minPinLength: true, webauthn:extension:prf: true, webauthn:virtualAuthenticators: true}
Session ID: cf23845d668a24942840f9789205ca97
	at org.openqa.selenium.remote.codec.w3c.W3CHttpResponseCodec.createException(W3CHttpResponseCodec.java:199)
	at org.openqa.selenium.remote.codec.w3c.W3CHttpResponseCodec.decode(W3CHttpResponseCodec.java:132)
	at org.openqa.selenium.remote.codec.w3c.W3CHttpResponseCodec.decode(W3CHttpResponseCodec.java:51)
	at org.openqa.selenium.remote.HttpCommandExecutor.execute(HttpCommandExecutor.java:191)
	at org.openqa.selenium.remote.service.DriverCommandExecutor.invokeExecute(DriverCommandExecutor.java:196)
	at org.openqa.selenium.remote.service.DriverCommandExecutor.execute(DriverCommandExecutor.java:171)
	at org.openqa.selenium.remote.RemoteWebDriver.execute(RemoteWebDriver.java:531)
	at org.openqa.selenium.remote.ElementLocation$ElementFinder$2.findElement(ElementLocation.java:165)
	at org.openqa.selenium.remote.ElementLocation.findElement(ElementLocation.java:59)
	at org.openqa.selenium.remote.RemoteWebDriver.findElement(RemoteWebDriver.java:350)
	at org.openqa.selenium.remote.RemoteWebDriver.findElement(RemoteWebDriver.java:344)
	at org.openqa.selenium.support.pagefactory.DefaultElementLocator.findElement(DefaultElementLocator.java:68)
	at org.openqa.selenium.support.pagefactory.internal.LocatingElementHandler.invoke(LocatingElementHandler.java:38)
	at jdk.proxy2/jdk.proxy2.$Proxy20.getText(Unknown Source)
	at pom.CheckoutPage.displayingErrorMessage(CheckoutPage.java:37)
	at test.CheckoutPageTest.verifyZipCodeFieldByEnteringSpecialCharacter(CheckoutPageTest.java:275)
	at java.base/java.util.ArrayList.forEach(ArrayList.java:1511)
... Removed 32 stack frames</pre></div><a href='#' onClick='toggleBox("stack-trace391527298", this, "Click to show all stack frames", "Click to hide stack frames")'>Click to show all stack frames</a>
<div class='stack-trace' id='stack-trace391527298'><pre>org.openqa.selenium.NoSuchElementException: no such element: Unable to locate element: {&quot;method&quot;:&quot;xpath&quot;,&quot;selector&quot;:&quot;//h3[@data-test=&apos;error&apos;]&quot;}
  (Session info: chrome=116.0.5845.180)
For documentation on this error, please visit: https://www.selenium.dev/documentation/webdriver/troubleshooting/errors#no-such-element-exception
Build info: version: &apos;4.10.0&apos;, revision: &apos;c14d967899&apos;
System info: os.name: &apos;Windows 10&apos;, os.arch: &apos;amd64&apos;, os.version: &apos;10.0&apos;, java.version: &apos;17.0.6&apos;
Driver info: org.openqa.selenium.chrome.ChromeDriver
Command: [cf23845d668a24942840f9789205ca97, findElement {using=xpath, value=//h3[@data-test=&apos;error&apos;]}]
Capabilities {acceptInsecureCerts: false, browserName: chrome, browserVersion: 116.0.5845.180, chrome: {chromedriverVersion: 116.0.5845.96 (1a3918166880..., userDataDir: C:\Users\AMOL\AppData\Local...}, fedcm:accounts: true, goog:chromeOptions: {debuggerAddress: localhost:56019}, networkConnectionEnabled: false, pageLoadStrategy: normal, platformName: windows, proxy: Proxy(), se:cdp: ws://localhost:56019/devtoo..., se:cdpVersion: 116.0.5845.180, setWindowRect: true, strictFileInteractability: false, timeouts: {implicit: 0, pageLoad: 300000, script: 30000}, unhandledPromptBehavior: dismiss and notify, webauthn:extension:credBlob: true, webauthn:extension:largeBlob: true, webauthn:extension:minPinLength: true, webauthn:extension:prf: true, webauthn:virtualAuthenticators: true}
Session ID: cf23845d668a24942840f9789205ca97
	at java.base/jdk.internal.reflect.NativeConstructorAccessorImpl.newInstance0(Native Method)
	at java.base/jdk.internal.reflect.NativeConstructorAccessorImpl.newInstance(NativeConstructorAccessorImpl.java:77)
	at java.base/jdk.internal.reflect.DelegatingConstructorAccessorImpl.newInstance(DelegatingConstructorAccessorImpl.java:45)
	at java.base/java.lang.reflect.Constructor.newInstanceWithCaller(Constructor.java:499)
	at java.base/java.lang.reflect.Constructor.newInstance(Constructor.java:480)
	at org.openqa.selenium.remote.codec.w3c.W3CHttpResponseCodec.createException(W3CHttpResponseCodec.java:199)
	at org.openqa.selenium.remote.codec.w3c.W3CHttpResponseCodec.decode(W3CHttpResponseCodec.java:132)
	at org.openqa.selenium.remote.codec.w3c.W3CHttpResponseCodec.decode(W3CHttpResponseCodec.java:51)
	at org.openqa.selenium.remote.HttpCommandExecutor.execute(HttpCommandExecutor.java:191)
	at org.openqa.selenium.remote.service.DriverCommandExecutor.invokeExecute(DriverCommandExecutor.java:196)
	at org.openqa.selenium.remote.service.DriverCommandExecutor.execute(DriverCommandExecutor.java:171)
	at org.openqa.selenium.remote.RemoteWebDriver.execute(RemoteWebDriver.java:531)
	at org.openqa.selenium.remote.ElementLocation$ElementFinder$2.findElement(ElementLocation.java:165)
	at org.openqa.selenium.remote.ElementLocation.findElement(ElementLocation.java:59)
	at org.openqa.selenium.remote.RemoteWebDriver.findElement(RemoteWebDriver.java:350)
	at org.openqa.selenium.remote.RemoteWebDriver.findElement(RemoteWebDriver.java:344)
	at org.openqa.selenium.support.pagefactory.DefaultElementLocator.findElement(DefaultElementLocator.java:68)
	at org.openqa.selenium.support.pagefactory.internal.LocatingElementHandler.invoke(LocatingElementHandler.java:38)
	at jdk.proxy2/jdk.proxy2.$Proxy20.getText(Unknown Source)
	at pom.CheckoutPage.displayingErrorMessage(CheckoutPage.java:37)
	at test.CheckoutPageTest.verifyZipCodeFieldByEnteringSpecialCharacter(CheckoutPageTest.java:275)
	at java.base/jdk.internal.reflect.NativeMethodAccessorImpl.invoke0(Native Method)
	at java.base/jdk.internal.reflect.NativeMethodAccessorImpl.invoke(NativeMethodAccessorImpl.java:77)
	at java.base/jdk.internal.reflect.DelegatingMethodAccessorImpl.invoke(DelegatingMethodAccessorImpl.java:43)
	at java.base/java.lang.reflect.Method.invoke(Method.java:568)
	at org.testng.internal.invokers.MethodInvocationHelper.invokeMethod(MethodInvocationHelper.java:139)
	at org.testng.internal.invokers.TestInvoker.invokeMethod(TestInvoker.java:664)
	at org.testng.internal.invokers.TestInvoker.invokeTestMethod(TestInvoker.java:227)
	at org.testng.internal.invokers.MethodRunner.runInSequence(MethodRunner.java:50)
	at org.testng.internal.invokers.TestInvoker$MethodInvocationAgent.invoke(TestInvoker.java:957)
	at org.testng.internal.invokers.TestInvoker.invokeTestMethods(TestInvoker.java:200)
	at org.testng.internal.invokers.TestMethodWorker.invokeTestMethods(TestMethodWorker.java:148)
	at org.testng.internal.invokers.TestMethodWorker.run(TestMethodWorker.java:128)
	at java.base/java.util.ArrayList.forEach(ArrayList.java:1511)
	at org.testng.TestRunner.privateRun(TestRunner.java:848)
	at org.testng.TestRunner.run(TestRunner.java:621)
	at org.testng.SuiteRunner.runTest(SuiteRunner.java:443)
	at org.testng.SuiteRunner.runSequentially(SuiteRunner.java:437)
	at org.testng.SuiteRunner.privateRun(SuiteRunner.java:397)
	at org.testng.SuiteRunner.run(SuiteRunner.java:336)
	at org.testng.SuiteRunnerWorker.runSuite(SuiteRunnerWorker.java:52)
	at org.testng.SuiteRunnerWorker.run(SuiteRunnerWorker.java:95)
	at org.testng.TestNG.runSuitesSequentially(TestNG.java:1280)
	at org.testng.TestNG.runSuitesLocally(TestNG.java:1200)
	at org.testng.TestNG.runSuites(TestNG.java:1114)
	at org.testng.TestNG.run(TestNG.java:1082)
	at org.testng.remote.AbstractRemoteTestNG.run(AbstractRemoteTestNG.java:115)
	at org.testng.remote.RemoteTestNG.initAndRun(RemoteTestNG.java:251)
	at org.testng.remote.RemoteTestNG.main(RemoteTestNG.java:77)
</pre></div></td>
<td>7</td>
<td>test.CheckoutPageTest@70325e14</td></tr>
<tr>
<td title='test.CheckoutPageTest.verifyFirstNameFieldByEnteringNumber()'><b>verifyFirstNameFieldByEnteringNumber</b><br>Test class: test.CheckoutPageTest</td>
<td><div><pre>java.lang.AssertionError: The following asserts failed:
	expected [Error: First Name is required only character] but found [Error: Last Name is required]
	at test.CheckoutPageTest.verifyFirstNameFieldByEnteringNumber(CheckoutPageTest.java:70)
	at java.base/java.util.ArrayList.forEach(ArrayList.java:1511)
... Removed 29 stack frames</pre></div><a href='#' onClick='toggleBox("stack-trace603092020", this, "Click to show all stack frames", "Click to hide stack frames")'>Click to show all stack frames</a>
<div class='stack-trace' id='stack-trace603092020'><pre>java.lang.AssertionError: The following asserts failed:
	expected [Error: First Name is required only character] but found [Error: Last Name is required]
	at org.testng.asserts.SoftAssert.assertAll(SoftAssert.java:46)
	at org.testng.asserts.SoftAssert.assertAll(SoftAssert.java:30)
	at test.CheckoutPageTest.verifyFirstNameFieldByEnteringNumber(CheckoutPageTest.java:70)
	at java.base/jdk.internal.reflect.NativeMethodAccessorImpl.invoke0(Native Method)
	at java.base/jdk.internal.reflect.NativeMethodAccessorImpl.invoke(NativeMethodAccessorImpl.java:77)
	at java.base/jdk.internal.reflect.DelegatingMethodAccessorImpl.invoke(DelegatingMethodAccessorImpl.java:43)
	at java.base/java.lang.reflect.Method.invoke(Method.java:568)
	at org.testng.internal.invokers.MethodInvocationHelper.invokeMethod(MethodInvocationHelper.java:139)
	at org.testng.internal.invokers.TestInvoker.invokeMethod(TestInvoker.java:664)
	at org.testng.internal.invokers.TestInvoker.invokeTestMethod(TestInvoker.java:227)
	at org.testng.internal.invokers.MethodRunner.runInSequence(MethodRunner.java:50)
	at org.testng.internal.invokers.TestInvoker$MethodInvocationAgent.invoke(TestInvoker.java:957)
	at org.testng.internal.invokers.TestInvoker.invokeTestMethods(TestInvoker.java:200)
	at org.testng.internal.invokers.TestMethodWorker.invokeTestMethods(TestMethodWorker.java:148)
	at org.testng.internal.invokers.TestMethodWorker.run(TestMethodWorker.java:128)
	at java.base/java.util.ArrayList.forEach(ArrayList.java:1511)
	at org.testng.TestRunner.privateRun(TestRunner.java:848)
	at org.testng.TestRunner.run(TestRunner.java:621)
	at org.testng.SuiteRunner.runTest(SuiteRunner.java:443)
	at org.testng.SuiteRunner.runSequentially(SuiteRunner.java:437)
	at org.testng.SuiteRunner.privateRun(SuiteRunner.java:397)
	at org.testng.SuiteRunner.run(SuiteRunner.java:336)
	at org.testng.SuiteRunnerWorker.runSuite(SuiteRunnerWorker.java:52)
	at org.testng.SuiteRunnerWorker.run(SuiteRunnerWorker.java:95)
	at org.testng.TestNG.runSuitesSequentially(TestNG.java:1280)
	at org.testng.TestNG.runSuitesLocally(TestNG.java:1200)
	at org.testng.TestNG.runSuites(TestNG.java:1114)
	at org.testng.TestNG.run(TestNG.java:1082)
	at org.testng.remote.AbstractRemoteTestNG.run(AbstractRemoteTestNG.java:115)
	at org.testng.remote.RemoteTestNG.initAndRun(RemoteTestNG.java:251)
	at org.testng.remote.RemoteTestNG.main(RemoteTestNG.java:77)
</pre></div></td>
<td>1</td>
<td>test.CheckoutPageTest@70325e14</td></tr>
<tr>
<td title='test.CheckoutPageTest.verifyLastNameFieldByEnteringSpecialCharacters()'><b>verifyLastNameFieldByEnteringSpecialCharacters</b><br>Test class: test.CheckoutPageTest</td>
<td><div><pre>java.lang.AssertionError: The following asserts failed:
	expected [Error: Last Name is required only character] but found [Error: Postal Code is required]
	at test.CheckoutPageTest.verifyLastNameFieldByEnteringSpecialCharacters(CheckoutPageTest.java:171)
	at java.base/java.util.ArrayList.forEach(ArrayList.java:1511)
... Removed 29 stack frames</pre></div><a href='#' onClick='toggleBox("stack-trace476158583", this, "Click to show all stack frames", "Click to hide stack frames")'>Click to show all stack frames</a>
<div class='stack-trace' id='stack-trace476158583'><pre>java.lang.AssertionError: The following asserts failed:
	expected [Error: Last Name is required only character] but found [Error: Postal Code is required]
	at org.testng.asserts.SoftAssert.assertAll(SoftAssert.java:46)
	at org.testng.asserts.SoftAssert.assertAll(SoftAssert.java:30)
	at test.CheckoutPageTest.verifyLastNameFieldByEnteringSpecialCharacters(CheckoutPageTest.java:171)
	at java.base/jdk.internal.reflect.NativeMethodAccessorImpl.invoke0(Native Method)
	at java.base/jdk.internal.reflect.NativeMethodAccessorImpl.invoke(NativeMethodAccessorImpl.java:77)
	at java.base/jdk.internal.reflect.DelegatingMethodAccessorImpl.invoke(DelegatingMethodAccessorImpl.java:43)
	at java.base/java.lang.reflect.Method.invoke(Method.java:568)
	at org.testng.internal.invokers.MethodInvocationHelper.invokeMethod(MethodInvocationHelper.java:139)
	at org.testng.internal.invokers.TestInvoker.invokeMethod(TestInvoker.java:664)
	at org.testng.internal.invokers.TestInvoker.invokeTestMethod(TestInvoker.java:227)
	at org.testng.internal.invokers.MethodRunner.runInSequence(MethodRunner.java:50)
	at org.testng.internal.invokers.TestInvoker$MethodInvocationAgent.invoke(TestInvoker.java:957)
	at org.testng.internal.invokers.TestInvoker.invokeTestMethods(TestInvoker.java:200)
	at org.testng.internal.invokers.TestMethodWorker.invokeTestMethods(TestMethodWorker.java:148)
	at org.testng.internal.invokers.TestMethodWorker.run(TestMethodWorker.java:128)
	at java.base/java.util.ArrayList.forEach(ArrayList.java:1511)
	at org.testng.TestRunner.privateRun(TestRunner.java:848)
	at org.testng.TestRunner.run(TestRunner.java:621)
	at org.testng.SuiteRunner.runTest(SuiteRunner.java:443)
	at org.testng.SuiteRunner.runSequentially(SuiteRunner.java:437)
	at org.testng.SuiteRunner.privateRun(SuiteRunner.java:397)
	at org.testng.SuiteRunner.run(SuiteRunner.java:336)
	at org.testng.SuiteRunnerWorker.runSuite(SuiteRunnerWorker.java:52)
	at org.testng.SuiteRunnerWorker.run(SuiteRunnerWorker.java:95)
	at org.testng.TestNG.runSuitesSequentially(TestNG.java:1280)
	at org.testng.TestNG.runSuitesLocally(TestNG.java:1200)
	at org.testng.TestNG.runSuites(TestNG.java:1114)
	at org.testng.TestNG.run(TestNG.java:1082)
	at org.testng.remote.AbstractRemoteTestNG.run(AbstractRemoteTestNG.java:115)
	at org.testng.remote.RemoteTestNG.initAndRun(RemoteTestNG.java:251)
	at org.testng.remote.RemoteTestNG.main(RemoteTestNG.java:77)
</pre></div></td>
<td>1</td>
<td>test.CheckoutPageTest@70325e14</td></tr>
<tr>
<td title='test.CheckoutPageTest.verifyLastNameFieldByEnteringAlphaCharactersAndNumbers()'><b>verifyLastNameFieldByEnteringAlphaCharactersAndNumbers</b><br>Test class: test.CheckoutPageTest</td>
<td><div><pre>java.lang.AssertionError: The following asserts failed:
	expected [Error: Last Name is required only character] but found [Error: Postal Code is required]
	at test.CheckoutPageTest.verifyLastNameFieldByEnteringAlphaCharactersAndNumbers(CheckoutPageTest.java:192)
	at java.base/java.util.ArrayList.forEach(ArrayList.java:1511)
... Removed 29 stack frames</pre></div><a href='#' onClick='toggleBox("stack-trace582544112", this, "Click to show all stack frames", "Click to hide stack frames")'>Click to show all stack frames</a>
<div class='stack-trace' id='stack-trace582544112'><pre>java.lang.AssertionError: The following asserts failed:
	expected [Error: Last Name is required only character] but found [Error: Postal Code is required]
	at org.testng.asserts.SoftAssert.assertAll(SoftAssert.java:46)
	at org.testng.asserts.SoftAssert.assertAll(SoftAssert.java:30)
	at test.CheckoutPageTest.verifyLastNameFieldByEnteringAlphaCharactersAndNumbers(CheckoutPageTest.java:192)
	at java.base/jdk.internal.reflect.NativeMethodAccessorImpl.invoke0(Native Method)
	at java.base/jdk.internal.reflect.NativeMethodAccessorImpl.invoke(NativeMethodAccessorImpl.java:77)
	at java.base/jdk.internal.reflect.DelegatingMethodAccessorImpl.invoke(DelegatingMethodAccessorImpl.java:43)
	at java.base/java.lang.reflect.Method.invoke(Method.java:568)
	at org.testng.internal.invokers.MethodInvocationHelper.invokeMethod(MethodInvocationHelper.java:139)
	at org.testng.internal.invokers.TestInvoker.invokeMethod(TestInvoker.java:664)
	at org.testng.internal.invokers.TestInvoker.invokeTestMethod(TestInvoker.java:227)
	at org.testng.internal.invokers.MethodRunner.runInSequence(MethodRunner.java:50)
	at org.testng.internal.invokers.TestInvoker$MethodInvocationAgent.invoke(TestInvoker.java:957)
	at org.testng.internal.invokers.TestInvoker.invokeTestMethods(TestInvoker.java:200)
	at org.testng.internal.invokers.TestMethodWorker.invokeTestMethods(TestMethodWorker.java:148)
	at org.testng.internal.invokers.TestMethodWorker.run(TestMethodWorker.java:128)
	at java.base/java.util.ArrayList.forEach(ArrayList.java:1511)
	at org.testng.TestRunner.privateRun(TestRunner.java:848)
	at org.testng.TestRunner.run(TestRunner.java:621)
	at org.testng.SuiteRunner.runTest(SuiteRunner.java:443)
	at org.testng.SuiteRunner.runSequentially(SuiteRunner.java:437)
	at org.testng.SuiteRunner.privateRun(SuiteRunner.java:397)
	at org.testng.SuiteRunner.run(SuiteRunner.java:336)
	at org.testng.SuiteRunnerWorker.runSuite(SuiteRunnerWorker.java:52)
	at org.testng.SuiteRunnerWorker.run(SuiteRunnerWorker.java:95)
	at org.testng.TestNG.runSuitesSequentially(TestNG.java:1280)
	at org.testng.TestNG.runSuitesLocally(TestNG.java:1200)
	at org.testng.TestNG.runSuites(TestNG.java:1114)
	at org.testng.TestNG.run(TestNG.java:1082)
	at org.testng.remote.AbstractRemoteTestNG.run(AbstractRemoteTestNG.java:115)
	at org.testng.remote.RemoteTestNG.initAndRun(RemoteTestNG.java:251)
	at org.testng.remote.RemoteTestNG.main(RemoteTestNG.java:77)
</pre></div></td>
<td>1</td>
<td>test.CheckoutPageTest@70325e14</td></tr>
<tr>
<td title='test.CheckoutPageTest.verifyLastNameFieldByEnteringNumber()'><b>verifyLastNameFieldByEnteringNumber</b><br>Test class: test.CheckoutPageTest</td>
<td><div><pre>java.lang.AssertionError: The following asserts failed:
	expected [Error: Last Name is required only character] but found [Error: Postal Code is required]
	at test.CheckoutPageTest.verifyLastNameFieldByEnteringNumber(CheckoutPageTest.java:150)
	at java.base/java.util.ArrayList.forEach(ArrayList.java:1511)
... Removed 29 stack frames</pre></div><a href='#' onClick='toggleBox("stack-trace331849229", this, "Click to show all stack frames", "Click to hide stack frames")'>Click to show all stack frames</a>
<div class='stack-trace' id='stack-trace331849229'><pre>java.lang.AssertionError: The following asserts failed:
	expected [Error: Last Name is required only character] but found [Error: Postal Code is required]
	at org.testng.asserts.SoftAssert.assertAll(SoftAssert.java:46)
	at org.testng.asserts.SoftAssert.assertAll(SoftAssert.java:30)
	at test.CheckoutPageTest.verifyLastNameFieldByEnteringNumber(CheckoutPageTest.java:150)
	at java.base/jdk.internal.reflect.NativeMethodAccessorImpl.invoke0(Native Method)
	at java.base/jdk.internal.reflect.NativeMethodAccessorImpl.invoke(NativeMethodAccessorImpl.java:77)
	at java.base/jdk.internal.reflect.DelegatingMethodAccessorImpl.invoke(DelegatingMethodAccessorImpl.java:43)
	at java.base/java.lang.reflect.Method.invoke(Method.java:568)
	at org.testng.internal.invokers.MethodInvocationHelper.invokeMethod(MethodInvocationHelper.java:139)
	at org.testng.internal.invokers.TestInvoker.invokeMethod(TestInvoker.java:664)
	at org.testng.internal.invokers.TestInvoker.invokeTestMethod(TestInvoker.java:227)
	at org.testng.internal.invokers.MethodRunner.runInSequence(MethodRunner.java:50)
	at org.testng.internal.invokers.TestInvoker$MethodInvocationAgent.invoke(TestInvoker.java:957)
	at org.testng.internal.invokers.TestInvoker.invokeTestMethods(TestInvoker.java:200)
	at org.testng.internal.invokers.TestMethodWorker.invokeTestMethods(TestMethodWorker.java:148)
	at org.testng.internal.invokers.TestMethodWorker.run(TestMethodWorker.java:128)
	at java.base/java.util.ArrayList.forEach(ArrayList.java:1511)
	at org.testng.TestRunner.privateRun(TestRunner.java:848)
	at org.testng.TestRunner.run(TestRunner.java:621)
	at org.testng.SuiteRunner.runTest(SuiteRunner.java:443)
	at org.testng.SuiteRunner.runSequentially(SuiteRunner.java:437)
	at org.testng.SuiteRunner.privateRun(SuiteRunner.java:397)
	at org.testng.SuiteRunner.run(SuiteRunner.java:336)
	at org.testng.SuiteRunnerWorker.runSuite(SuiteRunnerWorker.java:52)
	at org.testng.SuiteRunnerWorker.run(SuiteRunnerWorker.java:95)
	at org.testng.TestNG.runSuitesSequentially(TestNG.java:1280)
	at org.testng.TestNG.runSuitesLocally(TestNG.java:1200)
	at org.testng.TestNG.runSuites(TestNG.java:1114)
	at org.testng.TestNG.run(TestNG.java:1082)
	at org.testng.remote.AbstractRemoteTestNG.run(AbstractRemoteTestNG.java:115)
	at org.testng.remote.RemoteTestNG.initAndRun(RemoteTestNG.java:251)
	at org.testng.remote.RemoteTestNG.main(RemoteTestNG.java:77)
</pre></div></td>
<td>1</td>
<td>test.CheckoutPageTest@70325e14</td></tr>
<tr>
<td title='test.CheckoutPageTest.verifyFirstNameFieldByEnteringSpecialCharacters()'><b>verifyFirstNameFieldByEnteringSpecialCharacters</b><br>Test class: test.CheckoutPageTest</td>
<td><div><pre>java.lang.AssertionError: The following asserts failed:
	expected [Error: First Name is required only character] but found [Error: Last Name is required]
	at test.CheckoutPageTest.verifyFirstNameFieldByEnteringSpecialCharacters(CheckoutPageTest.java:89)
	at java.base/java.util.ArrayList.forEach(ArrayList.java:1511)
... Removed 29 stack frames</pre></div><a href='#' onClick='toggleBox("stack-trace912252532", this, "Click to show all stack frames", "Click to hide stack frames")'>Click to show all stack frames</a>
<div class='stack-trace' id='stack-trace912252532'><pre>java.lang.AssertionError: The following asserts failed:
	expected [Error: First Name is required only character] but found [Error: Last Name is required]
	at org.testng.asserts.SoftAssert.assertAll(SoftAssert.java:46)
	at org.testng.asserts.SoftAssert.assertAll(SoftAssert.java:30)
	at test.CheckoutPageTest.verifyFirstNameFieldByEnteringSpecialCharacters(CheckoutPageTest.java:89)
	at java.base/jdk.internal.reflect.NativeMethodAccessorImpl.invoke0(Native Method)
	at java.base/jdk.internal.reflect.NativeMethodAccessorImpl.invoke(NativeMethodAccessorImpl.java:77)
	at java.base/jdk.internal.reflect.DelegatingMethodAccessorImpl.invoke(DelegatingMethodAccessorImpl.java:43)
	at java.base/java.lang.reflect.Method.invoke(Method.java:568)
	at org.testng.internal.invokers.MethodInvocationHelper.invokeMethod(MethodInvocationHelper.java:139)
	at org.testng.internal.invokers.TestInvoker.invokeMethod(TestInvoker.java:664)
	at org.testng.internal.invokers.TestInvoker.invokeTestMethod(TestInvoker.java:227)
	at org.testng.internal.invokers.MethodRunner.runInSequence(MethodRunner.java:50)
	at org.testng.internal.invokers.TestInvoker$MethodInvocationAgent.invoke(TestInvoker.java:957)
	at org.testng.internal.invokers.TestInvoker.invokeTestMethods(TestInvoker.java:200)
	at org.testng.internal.invokers.TestMethodWorker.invokeTestMethods(TestMethodWorker.java:148)
	at org.testng.internal.invokers.TestMethodWorker.run(TestMethodWorker.java:128)
	at java.base/java.util.ArrayList.forEach(ArrayList.java:1511)
	at org.testng.TestRunner.privateRun(TestRunner.java:848)
	at org.testng.TestRunner.run(TestRunner.java:621)
	at org.testng.SuiteRunner.runTest(SuiteRunner.java:443)
	at org.testng.SuiteRunner.runSequentially(SuiteRunner.java:437)
	at org.testng.SuiteRunner.privateRun(SuiteRunner.java:397)
	at org.testng.SuiteRunner.run(SuiteRunner.java:336)
	at org.testng.SuiteRunnerWorker.runSuite(SuiteRunnerWorker.java:52)
	at org.testng.SuiteRunnerWorker.run(SuiteRunnerWorker.java:95)
	at org.testng.TestNG.runSuitesSequentially(TestNG.java:1280)
	at org.testng.TestNG.runSuitesLocally(TestNG.java:1200)
	at org.testng.TestNG.runSuites(TestNG.java:1114)
	at org.testng.TestNG.run(TestNG.java:1082)
	at org.testng.remote.AbstractRemoteTestNG.run(AbstractRemoteTestNG.java:115)
	at org.testng.remote.RemoteTestNG.initAndRun(RemoteTestNG.java:251)
	at org.testng.remote.RemoteTestNG.main(RemoteTestNG.java:77)
</pre></div></td>
<td>1</td>
<td>test.CheckoutPageTest@70325e14</td></tr>
</table><p>
<table width='100%' border='1' class='invocation-passed'>
<tr><td colspan='4' align='center'><b>PASSED TESTS</b></td></tr>
<tr><td><b>Test method</b></td>
<td><b>Attribute(s)</b></td>
<td width="30%"><b>Exception</b></td>
<td width="10%"><b>Time (seconds)</b></td>
<td><b>Instance</b></td>
</tr>
<tr>
<td title='test.CheckoutPageTest.verifyContinueButtonWithoutInformation()'><b>verifyContinueButtonWithoutInformation</b><br>Test class: test.CheckoutPageTest</td>
<td></td>
<td>1</td>
<td>test.CheckoutPageTest@70325e14</td></tr>
<tr>
<td title='test.AddToCartTest.verifyAddToCartFromProductPage()'><b>verifyAddToCartFromProductPage</b><br>Test class: test.AddToCartTest</td>
<td></td>
<td>0</td>
<td>test.AddToCartTest@7c9d8e2</td></tr>
<tr>
<td title='test.FooterTest.verifyPrivacyPolicy()'><b>verifyPrivacyPolicy</b><br>Test class: test.FooterTest</td>
<td></td>
<td>0</td>
<td>test.FooterTest@6200f9cb</td></tr>
<tr>
<td title='test.AddToCartTest.verifyAddToCartFromProductDetailsPage()'><b>verifyAddToCartFromProductDetailsPage</b><br>Test class: test.AddToCartTest</td>
<td></td>
<td>0</td>
<td>test.AddToCartTest@7c9d8e2</td></tr>
<tr>
<td title='test.LogoutTest.verifyLogoutPage()'><b>verifyLogoutPage</b><br>Test class: test.LogoutTest</td>
<td></td>
<td>1</td>
<td>test.LogoutTest@2002fc1d</td></tr>
<tr>
<td title='test.FooterTest.verifyTwitterLink()'><b>verifyTwitterLink</b><br>Test class: test.FooterTest</td>
<td></td>
<td>3</td>
<td>test.FooterTest@6200f9cb</td></tr>
<tr>
<td title='test.FooterTest.verifyLinkdinLink()'><b>verifyLinkdinLink</b><br>Test class: test.FooterTest</td>
<td></td>
<td>2</td>
<td>test.FooterTest@6200f9cb</td></tr>
<tr>
<td title='test.CheckoutOverviewTest.verifyCancelButton()'><b>verifyCancelButton</b><br>Test class: test.CheckoutOverviewTest</td>
<td></td>
<td>2</td>
<td>test.CheckoutOverviewTest@37ceb1df</td></tr>
<tr>
<td title='test.CheckoutOverviewTest.verifyProductPrice()'><b>verifyProductPrice</b><br>Test class: test.CheckoutOverviewTest</td>
<td></td>
<td>1</td>
<td>test.CheckoutOverviewTest@37ceb1df</td></tr>
<tr>
<td title='test.AddToCartTest.verifyAddToCartFromProductPageWithProductCount()'><b>verifyAddToCartFromProductPageWithProductCount</b><br>Test class: test.AddToCartTest</td>
<td></td>
<td>1</td>
<td>test.AddToCartTest@7c9d8e2</td></tr>
<tr>
<td title='test.CheckoutOverviewTest.verifySumOfItemTotalAndTaxWithTotalPrice()'><b>verifySumOfItemTotalAndTaxWithTotalPrice</b><br>Test class: test.CheckoutOverviewTest</td>
<td></td>
<td>1</td>
<td>test.CheckoutOverviewTest@37ceb1df</td></tr>
<tr>
<td title='test.ProductsPageTest.verifyFilterByNamePriceHighToLow()'><b>verifyFilterByNamePriceHighToLow</b><br>Test class: test.ProductsPageTest</td>
<td></td>
<td>1</td>
<td>test.ProductsPageTest@23348b5d</td></tr>
<tr>
<td title='test.AddToCartTest.verifyRemoveProductFromProductDetailsPage()'><b>verifyRemoveProductFromProductDetailsPage</b><br>Test class: test.AddToCartTest</td>
<td></td>
<td>0</td>
<td>test.AddToCartTest@7c9d8e2</td></tr>
<tr>
<td title='test.FooterTest.verifyFacebookLink()'><b>verifyFacebookLink</b><br>Test class: test.FooterTest</td>
<td></td>
<td>6</td>
<td>test.FooterTest@6200f9cb</td></tr>
<tr>
<td title='test.AddToCartTest.addMultipleProductToCart()'><b>addMultipleProductToCart</b><br>Test class: test.AddToCartTest</td>
<td></td>
<td>1</td>
<td>test.AddToCartTest@7c9d8e2</td></tr>
<tr>
<td title='test.CartPageTest.verifyRemoveTheProductFromCart()'><b>verifyRemoveTheProductFromCart</b><br>Test class: test.CartPageTest</td>
<td></td>
<td>5</td>
<td>test.CartPageTest@2df3b89c</td></tr>
<tr>
<td title='test.CheckoutPageTest.verifyContinueButtonWithInformation()'><b>verifyContinueButtonWithInformation</b><br>Test class: test.CheckoutPageTest</td>
<td></td>
<td>1</td>
<td>test.CheckoutPageTest@70325e14</td></tr>
<tr>
<td title='test.CheckoutOverviewTest.verifyDisplayOfProductOnCheckoutOverviewPage()'><b>verifyDisplayOfProductOnCheckoutOverviewPage</b><br>Test class: test.CheckoutOverviewTest</td>
<td></td>
<td>2</td>
<td>test.CheckoutOverviewTest@37ceb1df</td></tr>
<tr>
<td title='test.SwaglabsLoginTest.loginOfProblemUserWithInvalidUsernameAndValidPassword()'><b>loginOfProblemUserWithInvalidUsernameAndValidPassword</b><br>Test class: test.SwaglabsLoginTest</td>
<td></td>
<td>0</td>
<td>test.SwaglabsLoginTest@24313fcc</td></tr>
<tr>
<td title='test.AddToCartTest.verifyAddToCartFromProductDetailsPageWithProductCount()'><b>verifyAddToCartFromProductDetailsPageWithProductCount</b><br>Test class: test.AddToCartTest</td>
<td></td>
<td>0</td>
<td>test.AddToCartTest@7c9d8e2</td></tr>
<tr>
<td title='test.SwaglabsLoginTest.loginOfProblemUserWithValidUsernameAndInvalidPassword()'><b>loginOfProblemUserWithValidUsernameAndInvalidPassword</b><br>Test class: test.SwaglabsLoginTest</td>
<td></td>
<td>0</td>
<td>test.SwaglabsLoginTest@24313fcc</td></tr>
<tr>
<td title='test.SwaglabsLoginTest.loginOfPerformanceGlitchUserWithInvalidUsernameAndValidPassword()'><b>loginOfPerformanceGlitchUserWithInvalidUsernameAndValidPassword</b><br>Test class: test.SwaglabsLoginTest</td>
<td></td>
<td>0</td>
<td>test.SwaglabsLoginTest@24313fcc</td></tr>
<tr>
<td title='test.SwaglabsLoginTest.loginStandardUserWithInvalidUsernameAndValidPassword()'><b>loginStandardUserWithInvalidUsernameAndValidPassword</b><br>Test class: test.SwaglabsLoginTest</td>
<td></td>
<td>0</td>
<td>test.SwaglabsLoginTest@24313fcc</td></tr>
<tr>
<td title='test.SwaglabsLoginTest.loginLockedOutUserWithValidUsernameAndInvalidPassword()'><b>loginLockedOutUserWithValidUsernameAndInvalidPassword</b><br>Test class: test.SwaglabsLoginTest</td>
<td></td>
<td>0</td>
<td>test.SwaglabsLoginTest@24313fcc</td></tr>
<tr>
<td title='test.CheckoutOverviewTest.verifyFinishButton()'><b>verifyFinishButton</b><br>Test class: test.CheckoutOverviewTest</td>
<td></td>
<td>2</td>
<td>test.CheckoutOverviewTest@37ceb1df</td></tr>
<tr>
<td title='test.SwaglabsLoginTest.loginOfProblemUserWithValidCredentials()'><b>loginOfProblemUserWithValidCredentials</b><br>Test class: test.SwaglabsLoginTest</td>
<td></td>
<td>0</td>
<td>test.SwaglabsLoginTest@24313fcc</td></tr>
<tr>
<td title='test.AddToCartTest.verifyRemoveProductFromProductPage()'><b>verifyRemoveProductFromProductPage</b><br>Test class: test.AddToCartTest</td>
<td></td>
<td>1</td>
<td>test.AddToCartTest@7c9d8e2</td></tr>
<tr>
<td title='test.ProductsPageTest.verifyFilterByNameZtoA()'><b>verifyFilterByNameZtoA</b><br>Test class: test.ProductsPageTest</td>
<td></td>
<td>1</td>
<td>test.ProductsPageTest@23348b5d</td></tr>
<tr>
<td title='test.SwaglabsLoginTest.loginStandardUserWithValidCredentials()'><b>loginStandardUserWithValidCredentials</b><br>Test class: test.SwaglabsLoginTest</td>
<td></td>
<td>0</td>
<td>test.SwaglabsLoginTest@24313fcc</td></tr>
<tr>
<td title='test.CheckoutPageTest.verifyFirstNameFieldByEnteringAlphaChar()'><b>verifyFirstNameFieldByEnteringAlphaChar</b><br>Test class: test.CheckoutPageTest</td>
<td></td>
<td>1</td>
<td>test.CheckoutPageTest@70325e14</td></tr>
<tr>
<td title='test.CartPageTest.verifyAddToCartItemLink()'><b>verifyAddToCartItemLink</b><br>Test class: test.CartPageTest</td>
<td></td>
<td>0</td>
<td>test.CartPageTest@2df3b89c</td></tr>
<tr>
<td title='test.ProductsPageTest.verifyFilterByNameAtoZ()'><b>verifyFilterByNameAtoZ</b><br>Test class: test.ProductsPageTest</td>
<td></td>
<td>1</td>
<td>test.ProductsPageTest@23348b5d</td></tr>
<tr>
<td title='test.AboutTest.verifyAboutPage()'><b>verifyAboutPage</b><br>Test class: test.AboutTest</td>
<td></td>
<td>7</td>
<td>test.AboutTest@20d525</td></tr>
<tr>
<td title='test.SwaglabsLoginTest.loginStandardUserWithValidUsernameAndInvalidPassword()'><b>loginStandardUserWithValidUsernameAndInvalidPassword</b><br>Test class: test.SwaglabsLoginTest</td>
<td></td>
<td>0</td>
<td>test.SwaglabsLoginTest@24313fcc</td></tr>
<tr>
<td title='test.EndToEndTest.verifyOrderPlace()'><b>verifyOrderPlace</b><br>Test class: test.EndToEndTest</td>
<td></td>
<td>2</td>
<td>test.EndToEndTest@69453e37</td></tr>
<tr>
<td title='test.CheckoutPageTest.verifyZipCodeFieldByEnteringValidNumber()'><b>verifyZipCodeFieldByEnteringValidNumber</b><br>Test class: test.CheckoutPageTest</td>
<td></td>
<td>1</td>
<td>test.CheckoutPageTest@70325e14</td></tr>
<tr>
<td title='test.CartPageTest.verifyCancelButton()'><b>verifyCancelButton</b><br>Test class: test.CartPageTest</td>
<td></td>
<td>0</td>
<td>test.CartPageTest@2df3b89c</td></tr>
<tr>
<td title='test.SwaglabsLoginTest.loginOfPerformanceGlitchUserWithValidCredentials()'><b>loginOfPerformanceGlitchUserWithValidCredentials</b><br>Test class: test.SwaglabsLoginTest</td>
<td></td>
<td>5</td>
<td>test.SwaglabsLoginTest@24313fcc</td></tr>
<tr>
<td title='test.SwaglabsLoginTest.loginOfLockedOutUserWithValidCredentials()'><b>loginOfLockedOutUserWithValidCredentials</b><br>Test class: test.SwaglabsLoginTest</td>
<td></td>
<td>0</td>
<td>test.SwaglabsLoginTest@24313fcc</td></tr>
<tr>
<td title='test.SwaglabsLoginTest.loginOfPerformanceGlitchUserWithValidUsernameAndInvalidPassword()'><b>loginOfPerformanceGlitchUserWithValidUsernameAndInvalidPassword</b><br>Test class: test.SwaglabsLoginTest</td>
<td></td>
<td>0</td>
<td>test.SwaglabsLoginTest@24313fcc</td></tr>
<tr>
<td title='test.ProductsPageTest.verifyFilterByPriceLowToHigh()'><b>verifyFilterByPriceLowToHigh</b><br>Test class: test.ProductsPageTest</td>
<td></td>
<td>1</td>
<td>test.ProductsPageTest@23348b5d</td></tr>
<tr>
<td title='test.CartPageTest.verifyAddToCartProductNameLink()'><b>verifyAddToCartProductNameLink</b><br>Test class: test.CartPageTest</td>
<td></td>
<td>0</td>
<td>test.CartPageTest@2df3b89c</td></tr>
<tr>
<td title='test.CartPageTest.verifyAddToCartProductName()'><b>verifyAddToCartProductName</b><br>Test class: test.CartPageTest</td>
<td></td>
<td>0</td>
<td>test.CartPageTest@2df3b89c</td></tr>
<tr>
<td title='test.ProductsPageTest.verifyProductNameLink()'><b>verifyProductNameLink</b><br>Test class: test.ProductsPageTest</td>
<td></td>
<td>0</td>
<td>test.ProductsPageTest@23348b5d</td></tr>
<tr>
<td title='test.CartPageTest.verifyDisplayOfAddToCartProduct()'><b>verifyDisplayOfAddToCartProduct</b><br>Test class: test.CartPageTest</td>
<td></td>
<td>0</td>
<td>test.CartPageTest@2df3b89c</td></tr>
<tr>
<td title='test.CartPageTest.verifyCheckoutButton()'><b>verifyCheckoutButton</b><br>Test class: test.CartPageTest</td>
<td></td>
<td>1</td>
<td>test.CartPageTest@2df3b89c</td></tr>
<tr>
<td title='test.ProductsPageTest.verifyDisplayOfProduct()'><b>verifyDisplayOfProduct</b><br>Test class: test.ProductsPageTest</td>
<td></td>
<td>1</td>
<td>test.ProductsPageTest@23348b5d</td></tr>
<tr>
<td title='test.ProductsPageTest.verifyProductImageLink()'><b>verifyProductImageLink</b><br>Test class: test.ProductsPageTest</td>
<td></td>
<td>0</td>
<td>test.ProductsPageTest@23348b5d</td></tr>
<tr>
<td title='test.CheckoutOverviewTest.verifyItemTotalWithAdditionOfProductPrice()'><b>verifyItemTotalWithAdditionOfProductPrice</b><br>Test class: test.CheckoutOverviewTest</td>
<td></td>
<td>1</td>
<td>test.CheckoutOverviewTest@37ceb1df</td></tr>
<tr>
<td title='test.CheckoutPageTest.verifyLastNameFieldByEnteringAlphaChar()'><b>verifyLastNameFieldByEnteringAlphaChar</b><br>Test class: test.CheckoutPageTest</td>
<td></td>
<td>1</td>
<td>test.CheckoutPageTest@70325e14</td></tr>
</table><p>
</body>
</html>