<?xml version="1.0" encoding="UTF-8"?>
<!-- Generated by org.testng.reporters.JUnitXMLReporter -->
<testsuite ignored="0" hostname="LAPTOP-V1EP264I" failures="9" tests="59" name="Regression" time="284.761" errors="0" timestamp="2023-09-10T23:01:17 IST">
  <testcase classname="test.SwaglabsLoginTest" name="loginStandardUserWithValidCredentials" time="0.39"/>
  <testcase classname="test.SwaglabsLoginTest" name="loginStandardUserWithValidUsernameAndInvalidPassword" time="0.244"/>
  <testcase classname="test.SwaglabsLoginTest" name="loginStandardUserWithInvalidUsernameAndValidPassword" time="0.286"/>
  <testcase classname="test.SwaglabsLoginTest" name="loginOfLockedOutUserWithValidCredentials" time="0.263"/>
  <testcase classname="test.SwaglabsLoginTest" name="loginLockedOutUserWithValidUsernameAndInvalidPassword" time="0.261"/>
  <testcase classname="test.SwaglabsLoginTest" name="loginOfProblemUserWithValidCredentials" time="0.27"/>
  <testcase classname="test.SwaglabsLoginTest" name="loginOfProblemUserWithValidUsernameAndInvalidPassword" time="0.238"/>
  <testcase classname="test.SwaglabsLoginTest" name="loginOfProblemUserWithInvalidUsernameAndValidPassword" time="0.235"/>
  <testcase classname="test.SwaglabsLoginTest" name="loginOfPerformanceGlitchUserWithValidCredentials" time="5.31"/>
  <testcase classname="test.SwaglabsLoginTest" name="loginOfPerformanceGlitchUserWithValidUsernameAndInvalidPassword" time="0.266"/>
  <testcase classname="test.SwaglabsLoginTest" name="loginOfPerformanceGlitchUserWithInvalidUsernameAndValidPassword" time="0.296"/>
  <testcase classname="test.CartPageTest" name="verifyAddToCartItemLink" time="0.393"/>
  <testcase classname="test.CartPageTest" name="verifyDisplayOfAddToCartProduct" time="0.437"/>
  <testcase classname="test.CartPageTest" name="verifyAddToCartProductName" time="0.39"/>
  <testcase classname="test.CartPageTest" name="verifyAddToCartProductNameLink" time="0.405"/>
  <testcase classname="test.CartPageTest" name="verifyRemoveTheProductFromCart" time="5.438"/>
  <testcase classname="test.CartPageTest" name="verifyCancelButton" time="0.504"/>
  <testcase classname="test.CartPageTest" name="verifyCheckoutButton" time="1.325"/>
  <testcase classname="test.ProductsPageTest" name="verifyDisplayOfProduct" time="1.1"/>
  <testcase classname="test.ProductsPageTest" name="verifyProductNameLink" time="0.834"/>
  <testcase classname="test.ProductsPageTest" name="verifyProductImageLink" time="0.901"/>
  <testcase classname="test.ProductsPageTest" name="verifyFilterByNameAtoZ" time="1.603"/>
  <testcase classname="test.ProductsPageTest" name="verifyFilterByNameZtoA" time="1.97"/>
  <testcase classname="test.ProductsPageTest" name="verifyFilterByPriceLowToHigh" time="1.933"/>
  <testcase classname="test.ProductsPageTest" name="verifyFilterByNamePriceHighToLow" time="1.805"/>
  <testcase classname="test.CheckoutPageTest" name="verifyFirstNameFieldByEnteringAlphaChar" time="1.558"/>
  <testcase classname="test.CheckoutPageTest" name="verifyFirstNameFieldByEnteringNumber" time="1.436">
    <failure type="java.lang.AssertionError" message="The following asserts failed:
	expected [Error: First Name is required only character] but found [Error: Last Name is required]">
      <![CDATA[java.lang.AssertionError: The following asserts failed:
expected [Error: First Name is required only character] but found [Error: Last Name is required]
at test.CheckoutPageTest.verifyFirstNameFieldByEnteringNumber(CheckoutPageTest.java:70)
at java.base/java.util.ArrayList.forEach(ArrayList.java:1511)
... Removed 29 stack frames]]>
    </failure>
  </testcase> <!-- verifyFirstNameFieldByEnteringNumber -->
  <testcase classname="test.CheckoutPageTest" name="verifyFirstNameFieldByEnteringSpecialCharacters" time="1.378">
    <failure type="java.lang.AssertionError" message="The following asserts failed:
	expected [Error: First Name is required only character] but found [Error: Last Name is required]">
      <![CDATA[java.lang.AssertionError: The following asserts failed:
expected [Error: First Name is required only character] but found [Error: Last Name is required]
at test.CheckoutPageTest.verifyFirstNameFieldByEnteringSpecialCharacters(CheckoutPageTest.java:89)
at java.base/java.util.ArrayList.forEach(ArrayList.java:1511)
... Removed 29 stack frames]]>
    </failure>
  </testcase> <!-- verifyFirstNameFieldByEnteringSpecialCharacters -->
  <testcase classname="test.CheckoutPageTest" name="verifyFirstNameFieldByEnteringAlphaCharactersAndNumbers" time="1.237">
    <failure type="java.lang.AssertionError" message="The following asserts failed:
	expected [Error: First Name is required only character] but found [Error: Last Name is required]">
      <![CDATA[java.lang.AssertionError: The following asserts failed:
expected [Error: First Name is required only character] but found [Error: Last Name is required]
at test.CheckoutPageTest.verifyFirstNameFieldByEnteringAlphaCharactersAndNumbers(CheckoutPageTest.java:108)
at java.base/java.util.ArrayList.forEach(ArrayList.java:1511)
... Removed 29 stack frames]]>
    </failure>
  </testcase> <!-- verifyFirstNameFieldByEnteringAlphaCharactersAndNumbers -->
  <testcase classname="test.CheckoutPageTest" name="verifyLastNameFieldByEnteringAlphaChar" time="1.646"/>
  <testcase classname="test.CheckoutPageTest" name="verifyLastNameFieldByEnteringNumber" time="1.752">
    <failure type="java.lang.AssertionError" message="The following asserts failed:
	expected [Error: Last Name is required only character] but found [Error: Postal Code is required]">
      <![CDATA[java.lang.AssertionError: The following asserts failed:
expected [Error: Last Name is required only character] but found [Error: Postal Code is required]
at test.CheckoutPageTest.verifyLastNameFieldByEnteringNumber(CheckoutPageTest.java:150)
at java.base/java.util.ArrayList.forEach(ArrayList.java:1511)
... Removed 29 stack frames]]>
    </failure>
  </testcase> <!-- verifyLastNameFieldByEnteringNumber -->
  <testcase classname="test.CheckoutPageTest" name="verifyLastNameFieldByEnteringSpecialCharacters" time="1.451">
    <failure type="java.lang.AssertionError" message="The following asserts failed:
	expected [Error: Last Name is required only character] but found [Error: Postal Code is required]">
      <![CDATA[java.lang.AssertionError: The following asserts failed:
expected [Error: Last Name is required only character] but found [Error: Postal Code is required]
at test.CheckoutPageTest.verifyLastNameFieldByEnteringSpecialCharacters(CheckoutPageTest.java:171)
at java.base/java.util.ArrayList.forEach(ArrayList.java:1511)
... Removed 29 stack frames]]>
    </failure>
  </testcase> <!-- verifyLastNameFieldByEnteringSpecialCharacters -->
  <testcase classname="test.CheckoutPageTest" name="verifyLastNameFieldByEnteringAlphaCharactersAndNumbers" time="1.983">
    <failure type="java.lang.AssertionError" message="The following asserts failed:
	expected [Error: Last Name is required only character] but found [Error: Postal Code is required]">
      <![CDATA[java.lang.AssertionError: The following asserts failed:
expected [Error: Last Name is required only character] but found [Error: Postal Code is required]
at test.CheckoutPageTest.verifyLastNameFieldByEnteringAlphaCharactersAndNumbers(CheckoutPageTest.java:192)
at java.base/java.util.ArrayList.forEach(ArrayList.java:1511)
... Removed 29 stack frames]]>
    </failure>
  </testcase> <!-- verifyLastNameFieldByEnteringAlphaCharactersAndNumbers -->
  <testcase classname="test.CheckoutPageTest" name="verifyZipCodeFieldByEnteringValidNumber" time="1.877"/>
  <testcase classname="test.CheckoutPageTest" name="verifyZipCodeFieldByEnteringInvalidNumber" time="6.665">
    <failure type="org.openqa.selenium.NoSuchElementException" message="no such element: Unable to locate element: {&amp;quot;method&amp;quot;:&amp;quot;xpath&amp;quot;,&amp;quot;selector&amp;quot;:&amp;quot;//h3[@data-test=&amp;apos;error&amp;apos;]&amp;quot;}
  (Session info: chrome=116.0.5845.180)
For documentation on this error, please visit: https://www.selenium.dev/documentation/webdriver/troubleshooting/errors#no-such-element-exception
Build info: version: &amp;apos;4.10.0&amp;apos;, revision: &amp;apos;c14d967899&amp;apos;
System info: os.name: &amp;apos;Windows 10&amp;apos;, os.arch: &amp;apos;amd64&amp;apos;, os.version: &amp;apos;10.0&amp;apos;, java.version: &amp;apos;17.0.6&amp;apos;
Driver info: org.openqa.selenium.chrome.ChromeDriver
Command: [3c975483c367ced4dfcfd230c87333a0, findElement {using=xpath, value=//h3[@data-test=&amp;apos;error&amp;apos;]}]
Capabilities {acceptInsecureCerts: false, browserName: chrome, browserVersion: 116.0.5845.180, chrome: {chromedriverVersion: 116.0.5845.96 (1a3918166880..., userDataDir: C:\Users\AMOL\AppData\Local...}, fedcm:accounts: true, goog:chromeOptions: {debuggerAddress: localhost:55980}, networkConnectionEnabled: false, pageLoadStrategy: normal, platformName: windows, proxy: Proxy(), se:cdp: ws://localhost:55980/devtoo..., se:cdpVersion: 116.0.5845.180, setWindowRect: true, strictFileInteractability: false, timeouts: {implicit: 0, pageLoad: 300000, script: 30000}, unhandledPromptBehavior: dismiss and notify, webauthn:extension:credBlob: true, webauthn:extension:largeBlob: true, webauthn:extension:minPinLength: true, webauthn:extension:prf: true, webauthn:virtualAuthenticators: true}
Session ID: 3c975483c367ced4dfcfd230c87333a0">
      <![CDATA[org.openqa.selenium.NoSuchElementException: no such element: Unable to locate element: {"method":"xpath","selector":"//h3[@data-test='error']"}
  (Session info: chrome=116.0.5845.180)
For documentation on this error, please visit: https://www.selenium.dev/documentation/webdriver/troubleshooting/errors#no-such-element-exception
Build info: version: '4.10.0', revision: 'c14d967899'
System info: os.name: 'Windows 10', os.arch: 'amd64', os.version: '10.0', java.version: '17.0.6'
Driver info: org.openqa.selenium.chrome.ChromeDriver
Command: [3c975483c367ced4dfcfd230c87333a0, findElement {using=xpath, value=//h3[@data-test='error']}]
Capabilities {acceptInsecureCerts: false, browserName: chrome, browserVersion: 116.0.5845.180, chrome: {chromedriverVersion: 116.0.5845.96 (1a3918166880..., userDataDir: C:\Users\AMOL\AppData\Local...}, fedcm:accounts: true, goog:chromeOptions: {debuggerAddress: localhost:55980}, networkConnectionEnabled: false, pageLoadStrategy: normal, platformName: windows, proxy: Proxy(), se:cdp: ws://localhost:55980/devtoo..., se:cdpVersion: 116.0.5845.180, setWindowRect: true, strictFileInteractability: false, timeouts: {implicit: 0, pageLoad: 300000, script: 30000}, unhandledPromptBehavior: dismiss and notify, webauthn:extension:credBlob: true, webauthn:extension:largeBlob: true, webauthn:extension:minPinLength: true, webauthn:extension:prf: true, webauthn:virtualAuthenticators: true}
Session ID: 3c975483c367ced4dfcfd230c87333a0
at org.openqa.selenium.remote.codec.w3c.W3CHttpResponseCodec.createException(W3CHttpResponseCodec.java:199)
at org.openqa.selenium.remote.codec.w3c.W3CHttpResponseCodec.decode(W3CHttpResponseCodec.java:132)
at org.openqa.selenium.remote.codec.w3c.W3CHttpResponseCodec.decode(W3CHttpResponseCodec.java:51)
at org.openqa.selenium.remote.HttpCommandExecutor.execute(HttpCommandExecutor.java:191)
at org.openqa.selenium.remote.service.DriverCommandExecutor.invokeExecute(DriverCommandExecutor.java:196)
at org.openqa.selenium.remote.service.DriverCommandExecutor.execute(DriverCommandExecutor.java:171)
at org.openqa.selenium.remote.RemoteWebDriver.execute(RemoteWebDriver.java:531)
at org.openqa.selenium.remote.ElementLocation$ElementFinder$2.findElement(ElementLocation.java:165)
at org.openqa.selenium.remote.ElementLocation.findElement(ElementLocation.java:59)
at org.openqa.selenium.remote.RemoteWebDriver.findElement(RemoteWebDriver.java:350)
at org.openqa.selenium.remote.RemoteWebDriver.findElement(RemoteWebDriver.java:344)
at org.openqa.selenium.support.pagefactory.DefaultElementLocator.findElement(DefaultElementLocator.java:68)
at org.openqa.selenium.support.pagefactory.internal.LocatingElementHandler.invoke(LocatingElementHandler.java:38)
at jdk.proxy2/jdk.proxy2.$Proxy20.getText(Unknown Source)
at pom.CheckoutPage.displayingErrorMessage(CheckoutPage.java:37)
at test.CheckoutPageTest.verifyZipCodeFieldByEnteringInvalidNumber(CheckoutPageTest.java:233)
at java.base/java.util.ArrayList.forEach(ArrayList.java:1511)
... Removed 32 stack frames]]>
    </failure>
  </testcase> <!-- verifyZipCodeFieldByEnteringInvalidNumber -->
  <testcase classname="test.CheckoutPageTest" name="verifyZipCodeFieldByEnteringCharacter" time="6.656">
    <failure type="org.openqa.selenium.NoSuchElementException" message="no such element: Unable to locate element: {&amp;quot;method&amp;quot;:&amp;quot;xpath&amp;quot;,&amp;quot;selector&amp;quot;:&amp;quot;//h3[@data-test=&amp;apos;error&amp;apos;]&amp;quot;}
  (Session info: chrome=116.0.5845.180)
For documentation on this error, please visit: https://www.selenium.dev/documentation/webdriver/troubleshooting/errors#no-such-element-exception
Build info: version: &amp;apos;4.10.0&amp;apos;, revision: &amp;apos;c14d967899&amp;apos;
System info: os.name: &amp;apos;Windows 10&amp;apos;, os.arch: &amp;apos;amd64&amp;apos;, os.version: &amp;apos;10.0&amp;apos;, java.version: &amp;apos;17.0.6&amp;apos;
Driver info: org.openqa.selenium.chrome.ChromeDriver
Command: [90af988209d94ddd271d95bab8c44864, findElement {using=xpath, value=//h3[@data-test=&amp;apos;error&amp;apos;]}]
Capabilities {acceptInsecureCerts: false, browserName: chrome, browserVersion: 116.0.5845.180, chrome: {chromedriverVersion: 116.0.5845.96 (1a3918166880..., userDataDir: C:\Users\AMOL\AppData\Local...}, fedcm:accounts: true, goog:chromeOptions: {debuggerAddress: localhost:56000}, networkConnectionEnabled: false, pageLoadStrategy: normal, platformName: windows, proxy: Proxy(), se:cdp: ws://localhost:56000/devtoo..., se:cdpVersion: 116.0.5845.180, setWindowRect: true, strictFileInteractability: false, timeouts: {implicit: 0, pageLoad: 300000, script: 30000}, unhandledPromptBehavior: dismiss and notify, webauthn:extension:credBlob: true, webauthn:extension:largeBlob: true, webauthn:extension:minPinLength: true, webauthn:extension:prf: true, webauthn:virtualAuthenticators: true}
Session ID: 90af988209d94ddd271d95bab8c44864">
      <![CDATA[org.openqa.selenium.NoSuchElementException: no such element: Unable to locate element: {"method":"xpath","selector":"//h3[@data-test='error']"}
  (Session info: chrome=116.0.5845.180)
For documentation on this error, please visit: https://www.selenium.dev/documentation/webdriver/troubleshooting/errors#no-such-element-exception
Build info: version: '4.10.0', revision: 'c14d967899'
System info: os.name: 'Windows 10', os.arch: 'amd64', os.version: '10.0', java.version: '17.0.6'
Driver info: org.openqa.selenium.chrome.ChromeDriver
Command: [90af988209d94ddd271d95bab8c44864, findElement {using=xpath, value=//h3[@data-test='error']}]
Capabilities {acceptInsecureCerts: false, browserName: chrome, browserVersion: 116.0.5845.180, chrome: {chromedriverVersion: 116.0.5845.96 (1a3918166880..., userDataDir: C:\Users\AMOL\AppData\Local...}, fedcm:accounts: true, goog:chromeOptions: {debuggerAddress: localhost:56000}, networkConnectionEnabled: false, pageLoadStrategy: normal, platformName: windows, proxy: Proxy(), se:cdp: ws://localhost:56000/devtoo..., se:cdpVersion: 116.0.5845.180, setWindowRect: true, strictFileInteractability: false, timeouts: {implicit: 0, pageLoad: 300000, script: 30000}, unhandledPromptBehavior: dismiss and notify, webauthn:extension:credBlob: true, webauthn:extension:largeBlob: true, webauthn:extension:minPinLength: true, webauthn:extension:prf: true, webauthn:virtualAuthenticators: true}
Session ID: 90af988209d94ddd271d95bab8c44864
at org.openqa.selenium.remote.codec.w3c.W3CHttpResponseCodec.createException(W3CHttpResponseCodec.java:199)
at org.openqa.selenium.remote.codec.w3c.W3CHttpResponseCodec.decode(W3CHttpResponseCodec.java:132)
at org.openqa.selenium.remote.codec.w3c.W3CHttpResponseCodec.decode(W3CHttpResponseCodec.java:51)
at org.openqa.selenium.remote.HttpCommandExecutor.execute(HttpCommandExecutor.java:191)
at org.openqa.selenium.remote.service.DriverCommandExecutor.invokeExecute(DriverCommandExecutor.java:196)
at org.openqa.selenium.remote.service.DriverCommandExecutor.execute(DriverCommandExecutor.java:171)
at org.openqa.selenium.remote.RemoteWebDriver.execute(RemoteWebDriver.java:531)
at org.openqa.selenium.remote.ElementLocation$ElementFinder$2.findElement(ElementLocation.java:165)
at org.openqa.selenium.remote.ElementLocation.findElement(ElementLocation.java:59)
at org.openqa.selenium.remote.RemoteWebDriver.findElement(RemoteWebDriver.java:350)
at org.openqa.selenium.remote.RemoteWebDriver.findElement(RemoteWebDriver.java:344)
at org.openqa.selenium.support.pagefactory.DefaultElementLocator.findElement(DefaultElementLocator.java:68)
at org.openqa.selenium.support.pagefactory.internal.LocatingElementHandler.invoke(LocatingElementHandler.java:38)
at jdk.proxy2/jdk.proxy2.$Proxy20.getText(Unknown Source)
at pom.CheckoutPage.displayingErrorMessage(CheckoutPage.java:37)
at test.CheckoutPageTest.verifyZipCodeFieldByEnteringCharacter(CheckoutPageTest.java:254)
at java.base/java.util.ArrayList.forEach(ArrayList.java:1511)
... Removed 32 stack frames]]>
    </failure>
  </testcase> <!-- verifyZipCodeFieldByEnteringCharacter -->
  <testcase classname="test.CheckoutPageTest" name="verifyZipCodeFieldByEnteringSpecialCharacter" time="7.084">
    <failure type="org.openqa.selenium.NoSuchElementException" message="no such element: Unable to locate element: {&amp;quot;method&amp;quot;:&amp;quot;xpath&amp;quot;,&amp;quot;selector&amp;quot;:&amp;quot;//h3[@data-test=&amp;apos;error&amp;apos;]&amp;quot;}
  (Session info: chrome=116.0.5845.180)
For documentation on this error, please visit: https://www.selenium.dev/documentation/webdriver/troubleshooting/errors#no-such-element-exception
Build info: version: &amp;apos;4.10.0&amp;apos;, revision: &amp;apos;c14d967899&amp;apos;
System info: os.name: &amp;apos;Windows 10&amp;apos;, os.arch: &amp;apos;amd64&amp;apos;, os.version: &amp;apos;10.0&amp;apos;, java.version: &amp;apos;17.0.6&amp;apos;
Driver info: org.openqa.selenium.chrome.ChromeDriver
Command: [cf23845d668a24942840f9789205ca97, findElement {using=xpath, value=//h3[@data-test=&amp;apos;error&amp;apos;]}]
Capabilities {acceptInsecureCerts: false, browserName: chrome, browserVersion: 116.0.5845.180, chrome: {chromedriverVersion: 116.0.5845.96 (1a3918166880..., userDataDir: C:\Users\AMOL\AppData\Local...}, fedcm:accounts: true, goog:chromeOptions: {debuggerAddress: localhost:56019}, networkConnectionEnabled: false, pageLoadStrategy: normal, platformName: windows, proxy: Proxy(), se:cdp: ws://localhost:56019/devtoo..., se:cdpVersion: 116.0.5845.180, setWindowRect: true, strictFileInteractability: false, timeouts: {implicit: 0, pageLoad: 300000, script: 30000}, unhandledPromptBehavior: dismiss and notify, webauthn:extension:credBlob: true, webauthn:extension:largeBlob: true, webauthn:extension:minPinLength: true, webauthn:extension:prf: true, webauthn:virtualAuthenticators: true}
Session ID: cf23845d668a24942840f9789205ca97">
      <![CDATA[org.openqa.selenium.NoSuchElementException: no such element: Unable to locate element: {"method":"xpath","selector":"//h3[@data-test='error']"}
  (Session info: chrome=116.0.5845.180)
For documentation on this error, please visit: https://www.selenium.dev/documentation/webdriver/troubleshooting/errors#no-such-element-exception
Build info: version: '4.10.0', revision: 'c14d967899'
System info: os.name: 'Windows 10', os.arch: 'amd64', os.version: '10.0', java.version: '17.0.6'
Driver info: org.openqa.selenium.chrome.ChromeDriver
Command: [cf23845d668a24942840f9789205ca97, findElement {using=xpath, value=//h3[@data-test='error']}]
Capabilities {acceptInsecureCerts: false, browserName: chrome, browserVersion: 116.0.5845.180, chrome: {chromedriverVersion: 116.0.5845.96 (1a3918166880..., userDataDir: C:\Users\AMOL\AppData\Local...}, fedcm:accounts: true, goog:chromeOptions: {debuggerAddress: localhost:56019}, networkConnectionEnabled: false, pageLoadStrategy: normal, platformName: windows, proxy: Proxy(), se:cdp: ws://localhost:56019/devtoo..., se:cdpVersion: 116.0.5845.180, setWindowRect: true, strictFileInteractability: false, timeouts: {implicit: 0, pageLoad: 300000, script: 30000}, unhandledPromptBehavior: dismiss and notify, webauthn:extension:credBlob: true, webauthn:extension:largeBlob: true, webauthn:extension:minPinLength: true, webauthn:extension:prf: true, webauthn:virtualAuthenticators: true}
Session ID: cf23845d668a24942840f9789205ca97
at org.openqa.selenium.remote.codec.w3c.W3CHttpResponseCodec.createException(W3CHttpResponseCodec.java:199)
at org.openqa.selenium.remote.codec.w3c.W3CHttpResponseCodec.decode(W3CHttpResponseCodec.java:132)
at org.openqa.selenium.remote.codec.w3c.W3CHttpResponseCodec.decode(W3CHttpResponseCodec.java:51)
at org.openqa.selenium.remote.HttpCommandExecutor.execute(HttpCommandExecutor.java:191)
at org.openqa.selenium.remote.service.DriverCommandExecutor.invokeExecute(DriverCommandExecutor.java:196)
at org.openqa.selenium.remote.service.DriverCommandExecutor.execute(DriverCommandExecutor.java:171)
at org.openqa.selenium.remote.RemoteWebDriver.execute(RemoteWebDriver.java:531)
at org.openqa.selenium.remote.ElementLocation$ElementFinder$2.findElement(ElementLocation.java:165)
at org.openqa.selenium.remote.ElementLocation.findElement(ElementLocation.java:59)
at org.openqa.selenium.remote.RemoteWebDriver.findElement(RemoteWebDriver.java:350)
at org.openqa.selenium.remote.RemoteWebDriver.findElement(RemoteWebDriver.java:344)
at org.openqa.selenium.support.pagefactory.DefaultElementLocator.findElement(DefaultElementLocator.java:68)
at org.openqa.selenium.support.pagefactory.internal.LocatingElementHandler.invoke(LocatingElementHandler.java:38)
at jdk.proxy2/jdk.proxy2.$Proxy20.getText(Unknown Source)
at pom.CheckoutPage.displayingErrorMessage(CheckoutPage.java:37)
at test.CheckoutPageTest.verifyZipCodeFieldByEnteringSpecialCharacter(CheckoutPageTest.java:275)
at java.base/java.util.ArrayList.forEach(ArrayList.java:1511)
... Removed 32 stack frames]]>
    </failure>
  </testcase> <!-- verifyZipCodeFieldByEnteringSpecialCharacter -->
  <testcase classname="test.CheckoutPageTest" name="verifyContinueButtonWithoutInformation" time="1.227"/>
  <testcase classname="test.CheckoutPageTest" name="verifyContinueButtonWithInformation" time="1.724"/>
  <testcase classname="test.CheckoutOverviewTest" name="verifyDisplayOfProductOnCheckoutOverviewPage" time="2.054"/>
  <testcase classname="test.CheckoutOverviewTest" name="verifyProductPrice" time="1.998"/>
  <testcase classname="test.CheckoutOverviewTest" name="verifyItemTotalWithAdditionOfProductPrice" time="1.759"/>
  <testcase classname="test.CheckoutOverviewTest" name="verifySumOfItemTotalAndTaxWithTotalPrice" time="1.859"/>
  <testcase classname="test.CheckoutOverviewTest" name="verifyFinishButton" time="2.017"/>
  <testcase classname="test.CheckoutOverviewTest" name="verifyCancelButton" time="2.11"/>
  <testcase classname="test.AddToCartTest" name="verifyAddToCartFromProductPage" time="0.766"/>
  <testcase classname="test.AddToCartTest" name="verifyAddToCartFromProductPageWithProductCount" time="1.009"/>
  <testcase classname="test.AddToCartTest" name="verifyRemoveProductFromProductPage" time="1.2"/>
  <testcase classname="test.AddToCartTest" name="addMultipleProductToCart" time="1.072"/>
  <testcase classname="test.AddToCartTest" name="verifyAddToCartFromProductDetailsPage" time="0.978"/>
  <testcase classname="test.AddToCartTest" name="verifyAddToCartFromProductDetailsPageWithProductCount" time="0.98"/>
  <testcase classname="test.AddToCartTest" name="verifyRemoveProductFromProductDetailsPage" time="0.867"/>
  <testcase classname="test.AboutTest" name="verifyAboutPage" time="7.966"/>
  <testcase classname="test.FooterTest" name="verifyTwitterLink" time="3.352"/>
  <testcase classname="test.FooterTest" name="verifyFacebookLink" time="6.057"/>
  <testcase classname="test.FooterTest" name="verifyLinkdinLink" time="2.774"/>
  <testcase classname="test.FooterTest" name="verifyPrivacyPolicy" time="0.694"/>
  <testcase classname="test.LogoutTest" name="verifyLogoutPage" time="1.702"/>
  <testcase classname="test.EndToEndTest" name="verifyOrderPlace" time="2.217"/>
</testsuite> <!-- Regression -->
